
> next-app@0.1.0 build
> next build

  Ôû▓ Next.js 14.2.35
  - Environments: .env.local, .env.production

   Creating an optimized production build ...
node.exe :  ÔÜá Found lockfile 
missing swc dependencies, 
patching...
Au caractère Ligne:1 : 1
+ & "C:\Program 
Files\nodejs/node.exe" "C:\Program 
Files\nodejs/node_mo ...
+ ~~~~~~~~~~~~~~~~~~~~~~~~~~~~~~~~~
~~~~~~~~~~~~~~~~~~~~~~~~~~~~~~~~~~~
~
    + CategoryInfo          : NotS 
   pecified: ( ÔÜá Found lock...e  
  s, patching...:String) [], Rem   
 oteException
    + FullyQualifiedErrorId : Nati 
   veCommandError
 
