
> next-app@0.1.0 build
> next build

  ▲ Next.js 14.2.35
  - Environments: .env.local, .env.production

   Creating an optimized production build ...
node.exe :  ⚠ Found lockfile 
missing swc dependencies, 
patching...
Au caractère Ligne:1 : 1
+ & "C:\Program 
Files\nodejs/node.exe" "C:\Program 
Files\nodejs/node_mo ...
+ ~~~~~~~~~~~~~~~~~~~~~~~~~~~~~~~~~
~~~~~~~~~~~~~~~~~~~~~~~~~~~~~~~~~~~
~
    + CategoryInfo          : NotS 
   pecified: ( ⚠ Found lockfi...e  
  s, patching...:String) [], Rem   
 oteException
    + FullyQualifiedErrorId : Nati 
   veCommandError
 
'yarn' n’est pas reconnu en tant 
que commande interne
ou externe, un programme 
exécutable ou un fichier de 
commandes.
 ⨯ Failed to patch lockfile, 
please try uninstalling and 
reinstalling next in this workspace
TypeError: Cannot read properties 
of undefined (reading 'os')
    at fetchPkgInfo (C:\Users\HP El
iteBook\Documents\GitHub\Gestion-Ec
ole\node_modules\next\dist\lib\patc
h-incorrect-lockfile.js:73:25)
    at 
process.processTicksAndRejections (
node:internal/process/task_queues:1
04:5)
    at async Promise.all (index 0)
    at async 
patchIncorrectLockfile 
(C:\Users\HP EliteBook\Documents\Gi
tHub\Gestion-Ecole\node_modules\nex
t\dist\lib\patch-incorrect-lockfile
.js:162:26)
